<?xml version="1.0" encoding="UTF-8"?>
<!-- Generated by org.testng.reporters.JUnitXMLReporter -->
<testsuite ignored="0" hostname="Z1-471" failures="0" tests="3" name="Test" time="9.051" errors="0" timestamp="2022-02-15T11:23:30 IST">
  <testcase classname="com.qa.testscripts.FlipkartBaseclass" name="@BeforeClass setup" time="5.903">
    <failure type="io.github.bonigarcia.wdm.config.WebDriverManagerException" message="java.net.UnknownHostException: api.github.com">
      <![CDATA[io.github.bonigarcia.wdm.config.WebDriverManagerException: java.net.UnknownHostException: api.github.com
at io.github.bonigarcia.wdm.WebDriverManager.handleException(WebDriverManager.java:1140)
at io.github.bonigarcia.wdm.WebDriverManager.manage(WebDriverManager.java:933)
at io.github.bonigarcia.wdm.WebDriverManager.fallback(WebDriverManager.java:1156)
at io.github.bonigarcia.wdm.WebDriverManager.handleException(WebDriverManager.java:1133)
at io.github.bonigarcia.wdm.WebDriverManager.manage(WebDriverManager.java:933)
at io.github.bonigarcia.wdm.WebDriverManager.setup(WebDriverManager.java:337)
at com.qa.testscripts.FlipkartBaseclass.setup(FlipkartBaseclass.java:53)
at java.base/java.util.ArrayList.forEach(ArrayList.java:1511)
Caused by: java.net.UnknownHostException: api.github.com
at java.base/java.net.InetAddress$CachedAddresses.get(InetAddress.java:800)
at java.base/java.net.InetAddress.getAllByName0(InetAddress.java:1507)
at java.base/java.net.InetAddress.getAllByName(InetAddress.java:1366)
at java.base/java.net.InetAddress.getAllByName(InetAddress.java:1300)
at org.apache.hc.client5.http.SystemDefaultDnsResolver.resolve(SystemDefaultDnsResolver.java:43)
at org.apache.hc.client5.http.impl.io.DefaultHttpClientConnectionOperator.connect(DefaultHttpClientConnectionOperator.java:118)
at org.apache.hc.client5.http.impl.io.PoolingHttpClientConnectionManager.connect(PoolingHttpClientConnectionManager.java:409)
at org.apache.hc.client5.http.impl.classic.InternalExecRuntime.connectEndpoint(InternalExecRuntime.java:164)
at org.apache.hc.client5.http.impl.classic.InternalExecRuntime.connectEndpoint(InternalExecRuntime.java:174)
at org.apache.hc.client5.http.impl.classic.ConnectExec.execute(ConnectExec.java:135)
at org.apache.hc.client5.http.impl.classic.ExecChainElement.execute(ExecChainElement.java:51)
at org.apache.hc.client5.http.impl.classic.ExecChainElement$1.proceed(ExecChainElement.java:57)
at org.apache.hc.client5.http.impl.classic.ProtocolExec.execute(ProtocolExec.java:172)
at org.apache.hc.client5.http.impl.classic.ExecChainElement.execute(ExecChainElement.java:51)
at org.apache.hc.client5.http.impl.classic.ExecChainElement$1.proceed(ExecChainElement.java:57)
at org.apache.hc.client5.http.impl.classic.HttpRequestRetryExec.execute(HttpRequestRetryExec.java:93)
at org.apache.hc.client5.http.impl.classic.ExecChainElement.execute(ExecChainElement.java:51)
at org.apache.hc.client5.http.impl.classic.ExecChainElement$1.proceed(ExecChainElement.java:57)
at org.apache.hc.client5.http.impl.classic.ContentCompressionExec.execute(ContentCompressionExec.java:128)
at org.apache.hc.client5.http.impl.classic.ExecChainElement.execute(ExecChainElement.java:51)
at org.apache.hc.client5.http.impl.classic.ExecChainElement$1.proceed(ExecChainElement.java:57)
at org.apache.hc.client5.http.impl.classic.RedirectExec.execute(RedirectExec.java:116)
at org.apache.hc.client5.http.impl.classic.ExecChainElement.execute(ExecChainElement.java:51)
at org.apache.hc.client5.http.impl.classic.InternalHttpClient.doExecute(InternalHttpClient.java:178)
at org.apache.hc.client5.http.impl.classic.CloseableHttpClient.execute(CloseableHttpClient.java:75)
at org.apache.hc.client5.http.impl.classic.CloseableHttpClient.execute(CloseableHttpClient.java:89)
at io.github.bonigarcia.wdm.online.HttpClient.execute(HttpClient.java:158)
at io.github.bonigarcia.wdm.WebDriverManager.openGitHubConnection(WebDriverManager.java:1316)
at io.github.bonigarcia.wdm.WebDriverManager.getDriversFromGitHub(WebDriverManager.java:1330)
at io.github.bonigarcia.wdm.managers.FirefoxDriverManager.getDriverUrls(FirefoxDriverManager.java:95)
at io.github.bonigarcia.wdm.WebDriverManager.createUrlHandler(WebDriverManager.java:1161)
at io.github.bonigarcia.wdm.WebDriverManager.download(WebDriverManager.java:1009)
at io.github.bonigarcia.wdm.WebDriverManager.manage(WebDriverManager.java:927)
... 31 more
... Removed 25 stack frames]]>
    </failure>
  </testcase> <!-- @BeforeClass setup -->
  <testcase classname="com.qa.testscripts.FlipkartBaseclass" name="@BeforeMethod login" time="-1.644904408926E9">
    <skipped/>
  </testcase> <!-- @BeforeMethod login -->
  <testcase classname="com.qa.testscripts.FlipkartBaseclass" name="@AfterMethod logout" time="-1.644904409311E9">
    <skipped/>
  </testcase> <!-- @AfterMethod logout -->
  <testcase classname="com.qa.testscripts.FlipkartBaseclass" name="@BeforeMethod login" time="-1.644904409411E9">
    <skipped/>
  </testcase> <!-- @BeforeMethod login -->
  <testcase classname="com.qa.testscripts.FlipkartBaseclass" name="@AfterMethod logout" time="-1.644904409558E9">
    <skipped/>
  </testcase> <!-- @AfterMethod logout -->
  <testcase classname="com.qa.testscripts.FlipkartBaseclass" name="@BeforeMethod login" time="-1.644904409581E9">
    <skipped/>
  </testcase> <!-- @BeforeMethod login -->
  <testcase classname="com.qa.testscripts.FlipkartBaseclass" name="@AfterMethod logout" time="-1.64490440972E9">
    <skipped/>
  </testcase> <!-- @AfterMethod logout -->
  <testcase classname="com.qa.testscripts.FlipkartBaseclass" name="@AfterClass tearDown" time="-1.644904409759E9">
    <skipped/>
  </testcase> <!-- @AfterClass tearDown -->
  <testcase classname="com.qa.testscripts.FlipkartHomepage" name="username" time="0.0">
    <skipped/>
  </testcase> <!-- username -->
  <testcase classname="com.qa.testscripts.FlipkartHomepage" name="search" time="0.0">
    <skipped/>
  </testcase> <!-- search -->
  <testcase classname="com.qa.testscripts.FlipkartHomepage" name="profile" time="0.0">
    <skipped/>
  </testcase> <!-- profile -->
</testsuite> <!-- Test -->
